# JRE version: OpenJDK Runtime Environment (8.0_242-b01) (build 1.8.0_242-release-1644-b01)
# Java VM: OpenJDK 64-Bit Server VM (25.242-b01 mixed mode windows-amd64 compressed oops)
Heap:
 PSYoungGen      total 568832K, used 119834K [0x00000000d5580000, 0x0000000100000000, 0x0000000100000000)
  eden space 517632K, 19% used [0x00000000d5580000,0x00000000db9ed5b0,0x00000000f4f00000)
  from space 51200K, 33% used [0x00000000f4f00000,0x00000000f5f995c0,0x00000000f8100000)
  to   space 49152K, 0% used [0x00000000fd000000,0x00000000fd000000,0x0000000100000000)
 ParOldGen       total 411648K, used 97781K [0x0000000080000000, 0x0000000099200000, 0x00000000d5580000)
  object space 411648K, 23% used [0x0000000080000000,0x0000000085f7d530,0x0000000099200000)
 Metaspace       used 100821K, capacity 105844K, committed 106188K, reserved 1140736K
  class space    used 13228K, capacity 14209K, committed 14336K, reserved 1048576K
GC Heap History (10 events):
Event: 19.219 GC heap before
{Heap before GC invocations=11 (full 3):
 PSYoungGen      total 318464K, used 302592K [0x00000000d5580000, 0x00000000f5680000, 0x0000000100000000)
  eden space 302592K, 100% used [0x00000000d5580000,0x00000000e7d00000,0x00000000e7d00000)
  from space 15872K, 0% used [0x00000000e7d00000,0x00000000e7d00000,0x00000000e8c80000)
  to   space 23040K, 0% used [0x00000000f4000000,0x00000000f4000000,0x00000000f5680000)
 ParOldGen       total 257536K, used 37750K [0x0000000080000000, 0x000000008fb80000, 0x00000000d5580000)
  object space 257536K, 14% used [0x0000000080000000,0x00000000824dda50,0x000000008fb80000)
 Metaspace       used 74283K, capacity 77336K, committed 77528K, reserved 1116160K
  class space    used 10089K, capacity 10719K, committed 10752K, reserved 1048576K
Event: 19.267 GC heap after
Heap after GC invocations=11 (full 3):
 PSYoungGen      total 451584K, used 23039K [0x00000000d5580000, 0x00000000f5680000, 0x0000000100000000)
  eden space 428544K, 0% used [0x00000000d5580000,0x00000000d5580000,0x00000000ef800000)
  from space 23040K, 99% used [0x00000000f4000000,0x00000000f567ff38,0x00000000f5680000)
  to   space 28672K, 0% used [0x00000000f1e80000,0x00000000f1e80000,0x00000000f3a80000)
 ParOldGen       total 257536K, used 43646K [0x0000000080000000, 0x000000008fb80000, 0x00000000d5580000)
  object space 257536K, 16% used [0x0000000080000000,0x0000000082a9f8e8,0x000000008fb80000)
 Metaspace       used 74283K, capacity 77336K, committed 77528K, reserved 1116160K
  class space    used 10089K, capacity 10719K, committed 10752K, reserved 1048576K
}
Event: 25.718 GC heap before
{Heap before GC invocations=12 (full 3):
 PSYoungGen      total 451584K, used 451583K [0x00000000d5580000, 0x00000000f5680000, 0x0000000100000000)
  eden space 428544K, 100% used [0x00000000d5580000,0x00000000ef800000,0x00000000ef800000)
  from space 23040K, 99% used [0x00000000f4000000,0x00000000f567ff38,0x00000000f5680000)
  to   space 28672K, 0% used [0x00000000f1e80000,0x00000000f1e80000,0x00000000f3a80000)
 ParOldGen       total 257536K, used 43646K [0x0000000080000000, 0x000000008fb80000, 0x00000000d5580000)
  object space 257536K, 16% used [0x0000000080000000,0x0000000082a9f8e8,0x000000008fb80000)
 Metaspace       used 87347K, capacity 91538K, committed 91864K, reserved 1128448K
  class space    used 11657K, capacity 12438K, committed 12544K, reserved 1048576K
Event: 25.790 GC heap after
Heap after GC invocations=12 (full 3):
 PSYoungGen      total 496640K, used 28642K [0x00000000d5580000, 0x00000000fa680000, 0x0000000100000000)
  eden space 467968K, 0% used [0x00000000d5580000,0x00000000d5580000,0x00000000f1e80000)
  from space 28672K, 99% used [0x00000000f1e80000,0x00000000f3a78b98,0x00000000f3a80000)
  to   space 38400K, 0% used [0x00000000f8100000,0x00000000f8100000,0x00000000fa680000)
 ParOldGen       total 257536K, used 57144K [0x0000000080000000, 0x000000008fb80000, 0x00000000d5580000)
  object space 257536K, 22% used [0x0000000080000000,0x00000000837ce240,0x000000008fb80000)
 Metaspace       used 87347K, capacity 91538K, committed 91864K, reserved 1128448K
  class space    used 11657K, capacity 12438K, committed 12544K, reserved 1048576K
}
Event: 34.919 GC heap before
{Heap before GC invocations=13 (full 3):
 PSYoungGen      total 496640K, used 366317K [0x00000000d5580000, 0x00000000fa680000, 0x0000000100000000)
  eden space 467968K, 72% used [0x00000000d5580000,0x00000000e9f42b98,0x00000000f1e80000)
  from space 28672K, 99% used [0x00000000f1e80000,0x00000000f3a78b98,0x00000000f3a80000)
  to   space 38400K, 0% used [0x00000000f8100000,0x00000000f8100000,0x00000000fa680000)
 ParOldGen       total 257536K, used 57144K [0x0000000080000000, 0x000000008fb80000, 0x00000000d5580000)
  object space 257536K, 22% used [0x0000000080000000,0x00000000837ce240,0x000000008fb80000)
 Metaspace       used 93739K, capacity 98280K, committed 98380K, reserved 1134592K
  class space    used 12474K, capacity 13341K, committed 13440K, reserved 1048576K
Event: 35.105 GC heap after
Heap after GC invocations=13 (full 3):
 PSYoungGen      total 556032K, used 38385K [0x00000000d5580000, 0x00000000ff480000, 0x0000000100000000)
  eden space 517632K, 0% used [0x00000000d5580000,0x00000000d5580000,0x00000000f4f00000)
  from space 38400K, 99% used [0x00000000f8100000,0x00000000fa67c408,0x00000000fa680000)
  to   space 51200K, 0% used [0x00000000f4f00000,0x00000000f4f00000,0x00000000f8100000)
 ParOldGen       total 257536K, used 77366K [0x0000000080000000, 0x000000008fb80000, 0x00000000d5580000)
  object space 257536K, 30% used [0x0000000080000000,0x0000000084b8da88,0x000000008fb80000)
 Metaspace       used 93739K, capacity 98280K, committed 98380K, reserved 1134592K
  class space    used 12474K, capacity 13341K, committed 13440K, reserved 1048576K
}
Event: 35.105 GC heap before
{Heap before GC invocations=14 (full 4):
 PSYoungGen      total 556032K, used 38385K [0x00000000d5580000, 0x00000000ff480000, 0x0000000100000000)
  eden space 517632K, 0% used [0x00000000d5580000,0x00000000d5580000,0x00000000f4f00000)
  from space 38400K, 99% used [0x00000000f8100000,0x00000000fa67c408,0x00000000fa680000)
  to   space 51200K, 0% used [0x00000000f4f00000,0x00000000f4f00000,0x00000000f8100000)
 ParOldGen       total 257536K, used 77366K [0x0000000080000000, 0x000000008fb80000, 0x00000000d5580000)
  object space 257536K, 30% used [0x0000000080000000,0x0000000084b8da88,0x000000008fb80000)
 Metaspace       used 93739K, capacity 98280K, committed 98380K, reserved 1134592K
  class space    used 12474K, capacity 13341K, committed 13440K, reserved 1048576K
Event: 36.180 GC heap after
Heap after GC invocations=14 (full 4):
 PSYoungGen      total 556032K, used 0K [0x00000000d5580000, 0x00000000ff480000, 0x0000000100000000)
  eden space 517632K, 0% used [0x00000000d5580000,0x00000000d5580000,0x00000000f4f00000)
  from space 38400K, 0% used [0x00000000f8100000,0x00000000f8100000,0x00000000fa680000)
  to   space 51200K, 0% used [0x00000000f4f00000,0x00000000f4f00000,0x00000000f8100000)
 ParOldGen       total 411648K, used 97773K [0x0000000080000000, 0x0000000099200000, 0x00000000d5580000)
  object space 411648K, 23% used [0x0000000080000000,0x0000000085f7b530,0x0000000099200000)
 Metaspace       used 93616K, capacity 97912K, committed 98380K, reserved 1134592K
  class space    used 12433K, capacity 13269K, committed 13440K, reserved 1048576K
}
Event: 385.370 GC heap before
{Heap before GC invocations=15 (full 4):
 PSYoungGen      total 556032K, used 517632K [0x00000000d5580000, 0x00000000ff480000, 0x0000000100000000)
  eden space 517632K, 100% used [0x00000000d5580000,0x00000000f4f00000,0x00000000f4f00000)
  from space 38400K, 0% used [0x00000000f8100000,0x00000000f8100000,0x00000000fa680000)
  to   space 51200K, 0% used [0x00000000f4f00000,0x00000000f4f00000,0x00000000f8100000)
 ParOldGen       total 411648K, used 97773K [0x0000000080000000, 0x0000000099200000, 0x00000000d5580000)
  object space 411648K, 23% used [0x0000000080000000,0x0000000085f7b530,0x0000000099200000)
 Metaspace       used 100720K, capacity 105696K, committed 105804K, reserved 1140736K
  class space    used 13224K, capacity 14205K, committed 14208K, reserved 1048576K
Event: 385.399 GC heap after
Heap after GC invocations=15 (full 4):
 PSYoungGen      total 568832K, used 16997K [0x00000000d5580000, 0x0000000100000000, 0x0000000100000000)
  eden space 517632K, 0% used [0x00000000d5580000,0x00000000d5580000,0x00000000f4f00000)
  from space 51200K, 33% used [0x00000000f4f00000,0x00000000f5f995c0,0x00000000f8100000)
  to   space 49152K, 0% used [0x00000000fd000000,0x00000000fd000000,0x0000000100000000)
 ParOldGen       total 411648K, used 97781K [0x0000000080000000, 0x0000000099200000, 0x00000000d5580000)
  object space 411648K, 23% used [0x0000000080000000,0x0000000085f7d530,0x0000000099200000)
 Metaspace       used 100720K, capacity 105696K, committed 105804K, reserved 1140736K
  class space    used 13224K, capacity 14205K, committed 14208K, reserved 1048576K
}

